<?xml version="1.0" encoding="UTF-8"?>
<!-- Generated by org.testng.reporters.JUnitReportReporter -->
<testsuite hostname="Bornali-PC" name="testcases.SeleniumTest" tests="1" failures="0" timestamp="14 Apr 2018 18:49:30 GMT" time="0.012" errors="0">
  <testcase name="f" time="0.012" classname="testcases.SeleniumTest"/>
</testsuite> <!-- testcases.SeleniumTest -->
